<?xml version="1.0" encoding="UTF-8"?>
<!-- Generated by org.testng.reporters.JUnitXMLReporter -->
<testsuite hostname="USER-PC" name="Test" tests="3" failures="0" timestamp="16 Jan 2017 09:22:55 GMT" time="140.002" errors="0">
  <testcase name="testVerifyProdVersion" time="20.974" classname="scripts.VerifyProdVersion"/>
  <testcase name="testInvalidLogin" time="27.123" classname="scripts.InvalidLogin"/>
  <testcase name="testValidLoginLogout" time="11.706" classname="scripts.ValidLoginLogout"/>
</testsuite> <!-- Test -->
